{
  "RSpec": {
    "coverage": {
      "/Users/makerslaptop098/projects/weekend_projects/takeaway-challenge/spec/bill_spec.rb": [
        1,
        null,
        1,
        null,
        1,
        2,
        2,
        2,
        null,
        2,
        2,
        2,
        null,
        2,
        2,
        1,
        null,
        2,
        null,
        1,
        1,
        2,
        1,
        null,
        null,
        null,
        null,
        null
      ],
      "/Users/makerslaptop098/projects/weekend_projects/takeaway-challenge/lib/bill.rb": [
        1,
        null,
        1,
        1,
        null,
        null,
        1,
        1,
        4,
        null,
        null,
        1,
        null,
        1,
        12,
        3,
        null,
        null,
        null
      ],
      "/Users/makerslaptop098/projects/weekend_projects/takeaway-challenge/spec/customer_notification_spec.rb": [
        1,
        1,
        1,
        null,
        1,
        11,
        1,
        0,
        null,
        1,
        null,
        null,
        6,
        6,
        6,
        null,
        1,
        1,
        1,
        null,
        null,
        null,
        1,
        1,
        1,
        null,
        null,
        null,
        1,
        1,
        1,
        1,
        null,
        null,
        null,
        1,
        1,
        1,
        null,
        null,
        1,
        1,
        1,
        null,
        null,
        null,
        null,
        null,
        null,
        null,
        null,
        null,
        null,
        null,
        null,
        1,
        null,
        null,
        6,
        6,
        6,
        null,
        1,
        1,
        1,
        null,
        null,
        null,
        1,
        1,
        1,
        null,
        null,
        null,
        1,
        1,
        1,
        1,
        null,
        null,
        null,
        1,
        null,
        1,
        1,
        null,
        null,
        1,
        1,
        1,
        null,
        null,
        null,
        null,
        null,
        null,
        null,
        null,
        null,
        null,
        null,
        null,
        null,
        null
      ],
      "/Users/makerslaptop098/projects/weekend_projects/takeaway-challenge/lib/customer_notification.rb": [
        1,
        null,
        1,
        null,
        1,
        10,
        10,
        10,
        10,
        null,
        null,
        1,
        2,
        null,
        null,
        2,
        null,
        null,
        1,
        2,
        null,
        null,
        null
      ],
      "/Users/makerslaptop098/projects/weekend_projects/takeaway-challenge/lib/twilio_client.rb": [
        1,
        1,
        null,
        1,
        1,
        1,
        1,
        1,
        1,
        null,
        null,
        1,
        0,
        null,
        null,
        null,
        null,
        null,
        null,
        null
      ],
      "/Users/makerslaptop098/projects/weekend_projects/takeaway-challenge/lib/email_client.rb": [
        1,
        null,
        1,
        null,
        1,
        1,
        1,
        null,
        null,
        null,
        null,
        null,
        null,
        null,
        null,
        1,
        0,
        0,
        0,
        0,
        0,
        null,
        0,
        null,
        null,
        null
      ],
      "/Users/makerslaptop098/projects/weekend_projects/takeaway-challenge/spec/customer_spec.rb": [
        1,
        null,
        1,
        null,
        1,
        1,
        4,
        1,
        4,
        null,
        1,
        3,
        null,
        null,
        1,
        1,
        null,
        null,
        1,
        1,
        null,
        null,
        1,
        1,
        null,
        null,
        null,
        null,
        1,
        1,
        4,
        1,
        4,
        null,
        1,
        3,
        null,
        null,
        1,
        1,
        null,
        null,
        1,
        1,
        null,
        null,
        1,
        1,
        null,
        null,
        null,
        null
      ],
      "/Users/makerslaptop098/projects/weekend_projects/takeaway-challenge/lib/customer.rb": [
        1,
        null,
        1,
        null,
        1,
        6,
        6,
        6,
        null,
        null,
        null
      ],
      "/Users/makerslaptop098/projects/weekend_projects/takeaway-challenge/spec/email_client_spec.rb": [
        1,
        1,
        null,
        1,
        2,
        null,
        1,
        1,
        1,
        null,
        null,
        null,
        null,
        null,
        null,
        null,
        null,
        null,
        null,
        null,
        null,
        null,
        null,
        null,
        null,
        null,
        null,
        null,
        null,
        null,
        null,
        null,
        null,
        null,
        null,
        null,
        null,
        null,
        null,
        null,
        null,
        null,
        null,
        null,
        null,
        null,
        null,
        null,
        null,
        null,
        null,
        null,
        null,
        null,
        null,
        null,
        null,
        null
      ],
      "/Users/makerslaptop098/projects/weekend_projects/takeaway-challenge/spec/feature_spec.rb": [
        1,
        null,
        null,
        null,
        null,
        null,
        null,
        null,
        null,
        null,
        null,
        null,
        null,
        null,
        null,
        null,
        null,
        null,
        null,
        null,
        null,
        null,
        null,
        null,
        null,
        null,
        null,
        null,
        null,
        null,
        null,
        null,
        null,
        null,
        null,
        null,
        null,
        null,
        null,
        null,
        null,
        null,
        null,
        null,
        null
      ],
      "/Users/makerslaptop098/projects/weekend_projects/takeaway-challenge/spec/menu_spec.rb": [
        1,
        null,
        1,
        1,
        4,
        null,
        2,
        1,
        5,
        null,
        null,
        1,
        1,
        4,
        4,
        null,
        null,
        1,
        null,
        1,
        1,
        1,
        null,
        null,
        1,
        1,
        1,
        1,
        null,
        null,
        null,
        null,
        1,
        1,
        1,
        1,
        null,
        null,
        null,
        1,
        1,
        1,
        1,
        null,
        null,
        null,
        null,
        null,
        null
      ],
      "/Users/makerslaptop098/projects/weekend_projects/takeaway-challenge/lib/menu.rb": [
        1,
        1,
        1,
        1,
        1,
        1,
        1,
        1,
        1,
        null,
        1,
        null,
        1,
        4,
        4,
        4,
        null,
        null,
        1,
        1,
        4,
        1,
        null,
        null,
        1,
        2,
        null,
        null,
        1,
        4,
        null,
        null,
        1,
        5,
        5,
        19,
        null,
        null,
        null,
        1,
        22,
        null,
        null,
        1,
        10,
        null,
        null,
        1,
        4,
        null,
        null,
        null
      ],
      "/Users/makerslaptop098/projects/weekend_projects/takeaway-challenge/lib/order_item.rb": [
        1,
        null,
        1,
        null,
        1,
        22,
        22,
        22,
        null,
        null,
        null
      ],
      "/Users/makerslaptop098/projects/weekend_projects/takeaway-challenge/lib/order.rb": [
        1,
        null,
        1,
        null,
        1,
        6,
        6,
        6,
        6,
        null,
        null,
        1,
        28,
        7,
        6,
        null,
        null,
        1,
        0,
        0,
        0,
        0,
        null,
        null,
        null,
        1,
        0,
        null,
        null,
        1,
        1,
        1,
        2,
        null,
        1,
        null,
        null,
        1,
        3,
        null,
        null,
        1,
        1,
        null,
        null
      ],
      "/Users/makerslaptop098/projects/weekend_projects/takeaway-challenge/spec/order_item_spec.rb": [
        1,
        null,
        1,
        null,
        4,
        4,
        4,
        null,
        1,
        1,
        1,
        null,
        null,
        null,
        1,
        1,
        1,
        null,
        null,
        null,
        1,
        1,
        1,
        null,
        null,
        null,
        null
      ],
      "/Users/makerslaptop098/projects/weekend_projects/takeaway-challenge/spec/order_spec.rb": [
        1,
        null,
        1,
        null,
        1,
        7,
        5,
        3,
        2,
        7,
        7,
        7,
        7,
        7,
        null,
        1,
        1,
        1,
        null,
        null,
        null,
        1,
        1,
        1,
        1,
        null,
        null,
        1,
        2,
        null,
        null,
        null,
        1,
        1,
        1,
        1,
        null,
        null,
        null,
        1,
        1,
        1,
        1,
        1,
        null,
        null,
        null,
        1,
        2,
        null,
        1,
        1,
        1,
        1,
        1,
        null,
        null,
        null,
        null
      ],
      "/Users/makerslaptop098/projects/weekend_projects/takeaway-challenge/spec/twilio_client_spec.rb": [
        1,
        null,
        1,
        1,
        1,
        1,
        2,
        null,
        1,
        1,
        1,
        null,
        null,
        null,
        null
      ]
    },
    "timestamp": 1492445985
  }
}
